[ 2017-07-21T09:17:56+08:00 ] 127.0.0.1 /index.php?XDEBUG_SESSION_START=16875
INFO: Cron:ClearPromotion Runat 2017-07-21 09:17:56 Use 0.066000 s 
Cron:AutoApplyJobs Runat 2017-07-21 09:17:56 Use 0.000000 s 
Cron:AutoRefreshResume Runat 2017-07-21 09:17:56 Use -0.020000 s 
Cron:AutoRefreshJobs Runat 2017-07-21 09:17:56 Use -0.024000 s 
Cron:ClearExpiredSetmeal Runat 2017-07-21 09:17:56 Use -0.026000 s 
Cron:ClearOrder Runat 2017-07-21 09:17:56 Use -0.041000 s 

[ 2017-07-21T11:42:16+08:00 ] 127.0.0.1 /index.php?XDEBUG_SESSION_START=16875
INFO: Cron:ClearPromotion Runat 2017-07-21 11:42:16 Use 0.079000 s 
Cron:AutoRefreshResume Runat 2017-07-21 11:42:16 Use 0.000000 s 
Cron:AutoRefreshJobs Runat 2017-07-21 11:42:16 Use -0.005000 s 
Cron:ClearExpiredSetmeal Runat 2017-07-21 11:42:16 Use -0.007000 s 

[ 2017-07-21T13:49:09+08:00 ] 127.0.0.1 /index.php?m=Home&c=Index&a=search_location&act=QS_resumelist&key=
INFO: Cron:ClearPromotion Runat 2017-07-21 13:49:08 Use 0.045000 s 
Cron:AutoRefreshResume Runat 2017-07-21 13:49:08 Use 0.000000 s 
Cron:AutoRefreshJobs Runat 2017-07-21 13:49:08 Use -0.003000 s 
Cron:ClearExpiredSetmeal Runat 2017-07-21 13:49:09 Use -0.005000 s 

[ 2017-07-21T14:13:40+08:00 ] 127.0.0.1 /index.php?m=home&c=ajax_common&a=get_header_min
INFO: Cron:ClearPromotion Runat 2017-07-21 14:13:40 Use 0.034000 s 
Cron:AutoRefreshResume Runat 2017-07-21 14:13:40 Use -0.001000 s 
Cron:AutoRefreshJobs Runat 2017-07-21 14:13:40 Use -0.003000 s 
Cron:ClearExpiredSetmeal Runat 2017-07-21 14:13:40 Use -0.005000 s 

[ 2017-07-21T15:09:44+08:00 ] 127.0.0.1 /
INFO: Cron:ClearPromotion Runat 2017-07-21 15:09:44 Use 0.029000 s 
Cron:ClearExpiredSetmeal Runat 2017-07-21 15:09:44 Use 0.000000 s 

[ 2017-07-21T15:10:09+08:00 ] 127.0.0.1 /index.php?m=&c=company&a=com_img
INFO: Cron:AutoRefreshResume Runat 2017-07-21 15:10:09 Use 0.021000 s 
Cron:AutoRefreshJobs Runat 2017-07-21 15:10:09 Use 0.000000 s 

[ 2017-07-21T16:16:22+08:00 ] 127.0.0.1 /index.php?m=&c=company&a=com_img
INFO: Cron:ClearPromotion Runat 2017-07-21 16:16:22 Use 0.035000 s 
Cron:AutoRefreshResume Runat 2017-07-21 16:16:22 Use 0.000000 s 
Cron:AutoRefreshJobs Runat 2017-07-21 16:16:22 Use -0.003000 s 
Cron:ClearExpiredSetmeal Runat 2017-07-21 16:16:22 Use -0.005000 s 

[ 2017-07-21T17:40:16+08:00 ] 127.0.0.1 /index.php?m=home&c=ajax_common&a=get_header_min
INFO: Cron:ClearPromotion Runat 2017-07-21 17:40:16 Use 0.057000 s 
Cron:AutoRefreshResume Runat 2017-07-21 17:40:16 Use 0.000000 s 
Cron:AutoRefreshJobs Runat 2017-07-21 17:40:16 Use -0.003000 s 
Cron:ClearExpiredSetmeal Runat 2017-07-21 17:40:16 Use -0.005000 s 

