[ 2017-07-11T09:02:27+08:00 ] ::1 /index.php?XDEBUG_SESSION_START=14590
INFO: Cron:ClearPromotion Runat 2017-07-11 09:02:27 Use 0.050000 s 
Cron:AutoApplyJobs Runat 2017-07-11 09:02:27 Use 0.000000 s 
Cron:AutoRefreshResume Runat 2017-07-11 09:02:27 Use -0.021000 s 
Cron:AutoRefreshJobs Runat 2017-07-11 09:02:27 Use -0.025000 s 
Cron:ClearExpiredSetmeal Runat 2017-07-11 09:02:27 Use -0.026000 s 
Cron:ClearOrder Runat 2017-07-11 09:02:27 Use -0.031000 s 

[ 2017-07-11T10:07:11+08:00 ] 127.0.0.1 /index.php?m=&c=members&a=login
INFO: Cron:ClearPromotion Runat 2017-07-11 10:07:11 Use 0.051000 s 
Cron:ClearExpiredSetmeal Runat 2017-07-11 10:07:11 Use 0.000000 s 

[ 2017-07-11T10:10:10+08:00 ] ::1 /index.php
INFO: Cron:AutoRefreshResume Runat 2017-07-11 10:10:10 Use 0.039000 s 
Cron:AutoRefreshJobs Runat 2017-07-11 10:10:10 Use 0.000000 s 

[ 2017-07-11T11:10:13+08:00 ] ::1 /index.php?XDEBUG_SESSION_START=16192
INFO: Cron:ClearPromotion Runat 2017-07-11 11:10:13 Use 0.134000 s 
Cron:AutoRefreshResume Runat 2017-07-11 11:10:13 Use 0.000000 s 
Cron:AutoRefreshJobs Runat 2017-07-11 11:10:13 Use -0.024000 s 
Cron:ClearExpiredSetmeal Runat 2017-07-11 11:10:13 Use -0.026000 s 

[ 2017-07-11T13:35:52+08:00 ] 127.0.0.1 /index.php?m=&c=members&a=user_getpass
INFO: Cron:ClearPromotion Runat 2017-07-11 13:35:52 Use 0.028000 s 
Cron:AutoRefreshResume Runat 2017-07-11 13:35:52 Use 0.000000 s 
Cron:AutoRefreshJobs Runat 2017-07-11 13:35:52 Use -0.003000 s 
Cron:ClearExpiredSetmeal Runat 2017-07-11 13:35:52 Use -0.004000 s 

[ 2017-07-11T14:20:52+08:00 ] 127.0.0.1 /index.php?m=&c=members&a=user_getpass
INFO: Cron:ClearPromotion Runat 2017-07-11 14:20:52 Use 0.029000 s 
Cron:AutoRefreshResume Runat 2017-07-11 14:20:52 Use 0.000000 s 
Cron:AutoRefreshJobs Runat 2017-07-11 14:20:52 Use -0.004000 s 
Cron:ClearExpiredSetmeal Runat 2017-07-11 14:20:52 Use -0.006000 s 

[ 2017-07-11T16:13:56+08:00 ] 127.0.0.1 /index.php?m=&c=company&a=user_security
INFO: Cron:ClearPromotion Runat 2017-07-11 16:13:56 Use 0.020000 s 
Cron:AutoRefreshResume Runat 2017-07-11 16:13:56 Use 0.000000 s 
Cron:AutoRefreshJobs Runat 2017-07-11 16:13:56 Use -0.004000 s 
Cron:ClearExpiredSetmeal Runat 2017-07-11 16:13:56 Use -0.006000 s 

[ 2017-07-11T17:02:35+08:00 ] 127.0.0.1 /index.php?m=&c=Members&a=user_email
INFO: Cron:ClearPromotion Runat 2017-07-11 17:02:35 Use 0.022000 s 
Cron:ClearExpiredSetmeal Runat 2017-07-11 17:02:35 Use 0.000000 s 

[ 2017-07-11T17:16:02+08:00 ] 127.0.0.1 /index.php?m=&c=Members&a=user_email
INFO: Cron:AutoRefreshResume Runat 2017-07-11 17:16:02 Use 0.021000 s 
Cron:AutoRefreshJobs Runat 2017-07-11 17:16:02 Use 0.000000 s 

[ 2017-07-11T18:02:59+08:00 ] 127.0.0.1 /index.php?m=&c=company&a=user_security
INFO: Cron:ClearPromotion Runat 2017-07-11 18:02:59 Use 0.028000 s 
Cron:ClearExpiredSetmeal Runat 2017-07-11 18:02:59 Use 0.000000 s 

[ 2017-07-11T18:14:52+08:00 ] 127.0.0.1 /index.php?m=Admin&c=Company&a=index
INFO: Cron:AutoRefreshResume Runat 2017-07-11 18:14:52 Use 0.021000 s 
Cron:AutoRefreshJobs Runat 2017-07-11 18:14:52 Use 0.000000 s 

