[ 2017-07-05T15:18:14+08:00 ] ::1 /index.php
INFO: Cron:ClearPromotion Runat 2017-07-05 15:18:14 Use 0.057000 s 
Cron:AutoRefreshResume Runat 2017-07-05 15:18:14 Use 0.000000 s 
Cron:AutoRefreshJobs Runat 2017-07-05 15:18:14 Use -0.018000 s 
Cron:ClearExpiredSetmeal Runat 2017-07-05 15:18:14 Use -0.020000 s 


[ 2017-07-05T16:05:15+08:00 ] ::1 /index.php?m=&c=members&a=login
INFO: Cron:ClearPromotion Runat 2017-07-05 16:05:15 Use 0.207000 s 
Cron:ClearExpiredSetmeal Runat 2017-07-05 16:05:15 Use 0.000000 s 

[ 2017-07-05T16:11:33+08:00 ] ::1 /index.php?m=Home&c=Members&a=login
INFO: Cron:AutoRefreshResume Runat 2017-07-05 16:11:33 Use 0.041000 s 
Cron:AutoRefreshJobs Runat 2017-07-05 16:11:33 Use -0.001000 s 

[ 2017-07-05T17:02:36+08:00 ] ::1 /index.php?XDEBUG_SESSION_START=16511
INFO: Cron:ClearPromotion Runat 2017-07-05 17:02:36 Use 0.023000 s 
Cron:ClearExpiredSetmeal Runat 2017-07-05 17:02:36 Use 0.000000 s 

[ 2017-07-05T17:38:59+08:00 ] ::1 /index.php?m=admin&c=index&a=login
INFO: Cron:AutoRefreshResume Runat 2017-07-05 17:38:59 Use 0.041000 s 
Cron:AutoRefreshJobs Runat 2017-07-05 17:38:59 Use 0.000000 s 

[ 2017-07-05T18:37:13+08:00 ] ::1 /index.php?XDEBUG_SESSION_START=18763
INFO: Cron:ClearPromotion Runat 2017-07-05 18:37:13 Use 0.032000 s 
Cron:AutoRefreshResume Runat 2017-07-05 18:37:13 Use 0.000000 s 
Cron:AutoRefreshJobs Runat 2017-07-05 18:37:13 Use -0.003000 s 
Cron:ClearExpiredSetmeal Runat 2017-07-05 18:37:13 Use -0.005000 s 

[ 2017-07-05T19:04:21+08:00 ] ::1 /index.php?m=admin&c=index&a=login
INFO: Cron:ClearPromotion Runat 2017-07-05 19:04:21 Use 0.029000 s 
Cron:ClearExpiredSetmeal Runat 2017-07-05 19:04:21 Use 0.000000 s 

[ 2017-07-05T19:10:09+08:00 ] ::1 /index.php?m=Admin&c=index&a=index
INFO: Cron:AutoRefreshResume Runat 2017-07-05 19:10:09 Use 0.011000 s 
Cron:AutoRefreshJobs Runat 2017-07-05 19:10:09 Use 0.000000 s 

